c:\users\nocof\documents\github\robocat_multiplayer_project\robocataction\robocatserver\debug\robocatserver.pch
c:\users\nocof\documents\github\robocat_multiplayer_project\robocataction\robocatserver\debug\vc141.pdb
c:\users\nocof\documents\github\robocat_multiplayer_project\robocataction\robocatserver\debug\vc141.idb
c:\users\nocof\documents\github\robocat_multiplayer_project\robocataction\robocatserver\debug\robocatserverpch.obj
c:\users\nocof\documents\github\robocat_multiplayer_project\robocataction\robocatserver\debug\mouseserver.obj
c:\users\nocof\documents\github\robocat_multiplayer_project\robocataction\robocatserver\debug\robocatserver.obj
c:\users\nocof\documents\github\robocat_multiplayer_project\robocataction\robocatserver\debug\networkmanagerserver.obj
c:\users\nocof\documents\github\robocat_multiplayer_project\robocataction\robocatserver\debug\servermain.obj
c:\users\nocof\documents\github\robocat_multiplayer_project\robocataction\robocatserver\debug\server.obj
c:\users\nocof\documents\github\robocat_multiplayer_project\robocataction\robocatserver\debug\replicationmanagerserver.obj
c:\users\nocof\documents\github\robocat_multiplayer_project\robocataction\robocatserver\debug\clientproxy.obj
c:\users\nocof\documents\github\robocat_multiplayer_project\robocataction\robocatserver\debug\yarnserver.obj
c:\users\nocof\documents\github\robocat_multiplayer_project\robocataction\robocatserver\debug\shieldserver.obj
c:\users\nocof\documents\github\robocat_multiplayer_project\robocataction\debug\robocatserver.ilk
c:\users\nocof\documents\github\robocat_multiplayer_project\robocataction\debug\robocatserver.exe
c:\users\nocof\documents\github\robocat_multiplayer_project\robocataction\debug\robocatserver.pdb
c:\users\nocof\documents\github\robocat_multiplayer_project\robocataction\robocatserver\debug\robocatserver.tlog\cl.command.1.tlog
c:\users\nocof\documents\github\robocat_multiplayer_project\robocataction\robocatserver\debug\robocatserver.tlog\cl.read.1.tlog
c:\users\nocof\documents\github\robocat_multiplayer_project\robocataction\robocatserver\debug\robocatserver.tlog\cl.write.1.tlog
c:\users\nocof\documents\github\robocat_multiplayer_project\robocataction\robocatserver\debug\robocatserver.tlog\link.command.1.tlog
c:\users\nocof\documents\github\robocat_multiplayer_project\robocataction\robocatserver\debug\robocatserver.tlog\link.read.1.tlog
c:\users\nocof\documents\github\robocat_multiplayer_project\robocataction\robocatserver\debug\robocatserver.tlog\link.write.1.tlog
